TN:
SF:/Users/briangreig/workspace/http/v-chart-plugin/src/v-chart-plugin.js
FN:74,(anonymous_0)
FN:75,(anonymous_1)
FN:170,(anonymous_2)
FN:187,(anonymous_3)
FN:253,(anonymous_4)
FN:276,(anonymous_5)
FN:281,(anonymous_6)
FN:349,(anonymous_7)
FN:352,(anonymous_8)
FN:368,(anonymous_9)
FN:382,(anonymous_10)
FN:385,(anonymous_11)
FN:398,(anonymous_12)
FN:404,(anonymous_13)
FN:405,(anonymous_14)
FN:406,(anonymous_15)
FNF:16
FNH:10
FNDA:0,(anonymous_0)
FNDA:0,(anonymous_1)
FNDA:0,(anonymous_2)
FNDA:0,(anonymous_3)
FNDA:0,(anonymous_4)
FNDA:12,(anonymous_5)
FNDA:0,(anonymous_6)
FNDA:8,(anonymous_7)
FNDA:8,(anonymous_8)
FNDA:2,(anonymous_9)
FNDA:2,(anonymous_10)
FNDA:2,(anonymous_11)
FNDA:2,(anonymous_12)
FNDA:2,(anonymous_13)
FNDA:2,(anonymous_14)
FNDA:2,(anonymous_15)
DA:18,1
DA:26,1
DA:28,1
DA:31,6
DA:41,6
DA:42,6
DA:43,6
DA:44,6
DA:51,0
DA:52,0
DA:59,5
DA:60,0
DA:64,0
DA:65,0
DA:67,0
DA:74,0
DA:75,0
DA:85,0
DA:92,0
DA:99,6
DA:107,6
DA:122,0
DA:131,0
DA:145,0
DA:155,6
DA:156,6
DA:157,6
DA:158,21
DA:159,6
DA:167,6
DA:168,0
DA:169,0
DA:170,0
DA:171,0
DA:179,0
DA:188,0
DA:189,0
DA:201,0
DA:202,0
DA:203,0
DA:204,0
DA:205,0
DA:207,0
DA:222,6
DA:223,6
DA:224,0
DA:226,0
DA:227,0
DA:236,0
DA:237,0
DA:253,0
DA:254,0
DA:272,6
DA:273,6
DA:274,6
DA:275,6
DA:276,6
DA:277,12
DA:278,12
DA:279,12
DA:281,0
DA:282,0
DA:285,12
DA:286,12
DA:295,2
DA:303,2
DA:311,4
DA:312,4
DA:320,6
DA:328,6
DA:336,0
DA:337,0
DA:339,0
DA:347,4
DA:348,4
DA:349,4
DA:350,8
DA:352,4
DA:353,8
DA:355,4
DA:363,1
DA:368,1
DA:369,2
DA:370,2
DA:371,2
DA:373,1
DA:381,1
DA:382,1
DA:383,2
DA:385,2
DA:393,1
DA:398,1
DA:399,2
DA:400,2
DA:401,2
DA:403,1
DA:404,2
DA:405,2
DA:406,2
DA:415,5
DA:416,0
DA:418,5
DA:427,6
DA:428,0
DA:436,6
DA:437,6
DA:445,5
DA:449,6
DA:454,0
DA:467,1
DA:468,0
LF:111
LH:69
BRDA:59,0,0,0
BRDA:59,0,1,5
BRDA:59,1,0,5
BRDA:59,1,1,0
BRDA:155,2,0,6
BRDA:155,2,1,6
BRDA:167,3,0,0
BRDA:167,3,1,6
BRDA:167,4,0,6
BRDA:167,4,1,0
BRDA:168,5,0,0
BRDA:168,5,1,0
BRDA:169,6,0,0
BRDA:169,6,1,0
BRDA:188,7,0,0
BRDA:188,7,1,0
BRDA:202,8,0,0
BRDA:202,8,1,0
BRDA:203,9,0,0
BRDA:203,9,1,0
BRDA:204,10,0,0
BRDA:204,10,1,0
BRDA:205,11,0,0
BRDA:205,11,1,0
BRDA:222,12,0,0
BRDA:222,12,1,6
BRDA:223,13,0,6
BRDA:223,13,1,0
BRDA:226,14,0,0
BRDA:226,14,1,0
BRDA:226,15,0,0
BRDA:226,15,1,0
BRDA:236,16,0,0
BRDA:236,16,1,0
BRDA:236,17,0,0
BRDA:236,17,1,0
BRDA:257,18,0,1
BRDA:257,18,1,1
BRDA:258,19,0,1
BRDA:258,19,1,1
BRDA:259,20,0,1
BRDA:259,20,1,1
BRDA:260,21,0,1
BRDA:260,21,1,1
BRDA:261,22,0,1
BRDA:261,22,1,1
BRDA:262,23,0,1
BRDA:262,23,1,1
BRDA:263,24,0,1
BRDA:263,24,1,1
BRDA:273,25,0,0
BRDA:273,25,1,6
BRDA:278,26,0,12
BRDA:278,26,1,0
BRDA:279,27,0,12
BRDA:279,27,1,0
BRDA:282,28,0,0
BRDA:282,28,1,0
BRDA:285,29,0,0
BRDA:285,29,1,12
BRDA:295,30,0,2
BRDA:295,30,1,2
BRDA:311,31,0,0
BRDA:311,31,1,4
BRDA:320,32,0,6
BRDA:320,32,1,0
BRDA:328,33,0,6
BRDA:328,33,1,0
BRDA:336,34,0,0
BRDA:336,34,1,0
BRDA:336,35,0,0
BRDA:336,35,1,0
BRDA:353,36,0,0
BRDA:353,36,1,8
BRDA:369,37,0,0
BRDA:369,37,1,2
BRDA:370,38,0,0
BRDA:370,38,1,2
BRDA:371,39,0,0
BRDA:371,39,1,2
BRDA:415,40,0,0
BRDA:415,40,1,5
BRDA:415,41,0,5
BRDA:415,41,1,0
BRDA:427,42,0,6
BRDA:427,42,1,0
BRDA:427,43,0,6
BRDA:427,43,1,6
BRDA:436,44,0,0
BRDA:436,44,1,6
BRDA:436,45,0,0
BRDA:436,45,1,0
BRDA:467,46,0,0
BRDA:467,46,1,1
BRDA:467,47,0,1
BRDA:467,47,1,1
BRF:96
BRH:44
end_of_record
TN:
SF:/Users/briangreig/workspace/http/v-chart-plugin/src/import/barChart.js
FN:23,chart
FN:61,(anonymous_1)
FN:68,(anonymous_2)
FN:78,(anonymous_3)
FN:87,(anonymous_4)
FN:97,(anonymous_5)
FN:106,(anonymous_6)
FN:107,(anonymous_7)
FN:131,(anonymous_8)
FN:132,(anonymous_9)
FN:149,(anonymous_10)
FN:150,(anonymous_11)
FN:160,(anonymous_12)
FN:164,(anonymous_13)
FN:165,(anonymous_14)
FN:174,(anonymous_15)
FN:193,(anonymous_16)
FN:199,(anonymous_17)
FN:200,(anonymous_18)
FNF:19
FNH:13
FNDA:1,chart
FNDA:0,(anonymous_1)
FNDA:0,(anonymous_2)
FNDA:0,(anonymous_3)
FNDA:0,(anonymous_4)
FNDA:0,(anonymous_5)
FNDA:1,(anonymous_6)
FNDA:1,(anonymous_7)
FNDA:1,(anonymous_8)
FNDA:1,(anonymous_9)
FNDA:1,(anonymous_10)
FNDA:1,(anonymous_11)
FNDA:1,(anonymous_12)
FNDA:2,(anonymous_13)
FNDA:2,(anonymous_14)
FNDA:1,(anonymous_15)
FNDA:0,(anonymous_16)
FNDA:1,(anonymous_17)
FNDA:2,(anonymous_18)
DA:13,1
DA:23,1
DA:28,1
DA:33,1
DA:61,1
DA:68,1
DA:78,1
DA:87,1
DA:88,0
DA:97,1
DA:98,0
DA:106,1
DA:107,1
DA:108,1
DA:109,1
DA:122,1
DA:123,1
DA:131,1
DA:132,1
DA:133,1
DA:134,1
DA:140,1
DA:141,1
DA:149,1
DA:150,1
DA:151,1
DA:153,1
DA:160,1
DA:161,1
DA:164,2
DA:165,2
DA:167,1
DA:174,1
DA:175,1
DA:176,1
DA:177,1
DA:178,1
DA:179,1
DA:180,1
DA:181,1
DA:182,1
DA:183,0
DA:184,1
DA:193,1
DA:194,0
DA:195,0
DA:198,1
DA:199,1
DA:200,1
DA:201,2
DA:208,1
DA:209,1
DA:210,0
DA:212,1
DA:213,1
DA:214,1
DA:215,1
DA:216,1
DA:218,1
LF:59
LH:53
BRDA:122,0,0,0
BRDA:122,0,1,1
BRDA:140,1,0,0
BRDA:140,1,1,1
BRDA:182,2,0,0
BRDA:182,2,1,1
BRDA:194,3,0,0
BRDA:194,3,1,0
BRDA:195,4,0,0
BRDA:195,4,1,0
BRDA:209,5,0,0
BRDA:209,5,1,1
BRDA:209,6,0,1
BRDA:209,6,1,1
BRDA:210,7,0,0
BRDA:210,7,1,0
BRF:16
BRH:6
end_of_record
TN:
SF:/Users/briangreig/workspace/http/v-chart-plugin/src/import/vBarChart.js
FN:20,chart
FN:55,(anonymous_1)
FN:63,(anonymous_2)
FN:72,(anonymous_3)
FN:80,(anonymous_4)
FN:88,(anonymous_5)
FN:98,(anonymous_6)
FN:108,(anonymous_7)
FN:109,(anonymous_8)
FN:131,(anonymous_9)
FN:132,(anonymous_10)
FN:147,(anonymous_11)
FN:148,(anonymous_12)
FN:157,(anonymous_13)
FN:161,(anonymous_14)
FN:162,(anonymous_15)
FN:171,(anonymous_16)
FN:189,(anonymous_17)
FN:190,(anonymous_18)
FNF:19
FNH:13
FNDA:1,chart
FNDA:0,(anonymous_1)
FNDA:0,(anonymous_2)
FNDA:0,(anonymous_3)
FNDA:0,(anonymous_4)
FNDA:0,(anonymous_5)
FNDA:0,(anonymous_6)
FNDA:1,(anonymous_7)
FNDA:1,(anonymous_8)
FNDA:1,(anonymous_9)
FNDA:1,(anonymous_10)
FNDA:1,(anonymous_11)
FNDA:1,(anonymous_12)
FNDA:1,(anonymous_13)
FNDA:2,(anonymous_14)
FNDA:2,(anonymous_15)
FNDA:1,(anonymous_16)
FNDA:1,(anonymous_17)
FNDA:2,(anonymous_18)
DA:10,1
DA:20,1
DA:25,1
DA:30,1
DA:55,1
DA:63,1
DA:72,1
DA:80,1
DA:88,1
DA:89,0
DA:98,1
DA:99,0
DA:108,1
DA:109,1
DA:110,1
DA:111,1
DA:131,1
DA:132,1
DA:133,1
DA:134,1
DA:147,1
DA:148,1
DA:149,1
DA:157,1
DA:158,1
DA:161,2
DA:162,2
DA:164,1
DA:171,1
DA:172,1
DA:173,1
DA:174,1
DA:175,1
DA:176,1
DA:177,1
DA:178,1
DA:179,1
DA:182,1
DA:183,0
DA:188,1
DA:189,1
DA:190,1
DA:191,2
DA:198,1
DA:199,1
DA:200,1
DA:201,1
DA:202,1
DA:203,1
DA:205,1
LF:50
LH:47
BRDA:182,0,0,0
BRDA:182,0,1,1
BRF:2
BRH:1
end_of_record
TN:
SF:/Users/briangreig/workspace/http/v-chart-plugin/src/import/lineGraph.js
FN:19,chart
FN:54,(anonymous_1)
FN:55,(anonymous_2)
FN:63,(anonymous_3)
FN:70,(anonymous_4)
FN:73,(anonymous_5)
FN:76,(anonymous_6)
FN:77,(anonymous_7)
FN:88,(anonymous_8)
FN:89,(anonymous_9)
FN:94,(anonymous_10)
FN:97,(anonymous_11)
FN:98,(anonymous_12)
FN:99,(anonymous_13)
FN:100,(anonymous_14)
FN:112,(anonymous_15)
FN:113,(anonymous_16)
FN:116,(anonymous_17)
FN:127,(anonymous_18)
FN:131,(anonymous_19)
FN:132,(anonymous_20)
FN:140,(anonymous_21)
FN:155,(anonymous_22)
FN:158,(anonymous_23)
FN:159,(anonymous_24)
FN:164,(anonymous_25)
FN:165,(anonymous_26)
FN:174,(anonymous_27)
FNF:28
FNH:20
FNDA:1,chart
FNDA:1,(anonymous_1)
FNDA:1,(anonymous_2)
FNDA:1,(anonymous_3)
FNDA:0,(anonymous_4)
FNDA:0,(anonymous_5)
FNDA:0,(anonymous_6)
FNDA:0,(anonymous_7)
FNDA:1,(anonymous_8)
FNDA:1,(anonymous_9)
FNDA:1,(anonymous_10)
FNDA:0,(anonymous_11)
FNDA:0,(anonymous_12)
FNDA:0,(anonymous_13)
FNDA:0,(anonymous_14)
FNDA:1,(anonymous_15)
FNDA:1,(anonymous_16)
FNDA:1,(anonymous_17)
FNDA:1,(anonymous_18)
FNDA:2,(anonymous_19)
FNDA:2,(anonymous_20)
FNDA:1,(anonymous_21)
FNDA:1,(anonymous_22)
FNDA:4,(anonymous_23)
FNDA:4,(anonymous_24)
FNDA:1,(anonymous_25)
FNDA:2,(anonymous_26)
FNDA:1,(anonymous_27)
DA:9,1
DA:19,1
DA:24,1
DA:29,1
DA:54,1
DA:55,1
DA:56,1
DA:63,1
DA:64,1
DA:65,1
DA:71,0
DA:74,0
DA:76,0
DA:77,0
DA:79,1
DA:80,1
DA:88,1
DA:89,1
DA:90,1
DA:94,1
DA:95,1
DA:96,1
DA:97,0
DA:98,0
DA:99,0
DA:100,0
DA:102,1
DA:103,1
DA:112,1
DA:113,1
DA:114,1
DA:116,1
DA:117,1
DA:119,1
DA:127,1
DA:128,1
DA:131,2
DA:132,2
DA:133,1
DA:140,1
DA:141,1
DA:142,1
DA:143,1
DA:144,1
DA:145,1
DA:146,1
DA:147,1
DA:148,1
DA:150,1
DA:154,1
DA:155,1
DA:156,1
DA:158,4
DA:159,4
DA:163,1
DA:164,1
DA:165,1
DA:166,2
DA:173,1
DA:174,1
DA:175,1
DA:178,1
DA:180,1
DA:181,1
DA:182,1
DA:183,1
DA:184,1
DA:186,1
LF:68
LH:60
BRDA:79,0,0,0
BRDA:79,0,1,1
BRDA:102,1,0,0
BRDA:102,1,1,1
BRF:4
BRH:2
end_of_record
TN:
SF:/Users/briangreig/workspace/http/v-chart-plugin/src/import/scatterPlot.js
FN:20,chart
FN:57,(anonymous_1)
FN:64,(anonymous_2)
FN:67,(anonymous_3)
FN:70,(anonymous_4)
FN:71,(anonymous_5)
FN:80,(anonymous_6)
FN:83,(anonymous_7)
FN:84,(anonymous_8)
FN:94,(anonymous_9)
FN:104,(anonymous_10)
FN:117,(anonymous_11)
FNF:12
FNH:6
FNDA:1,chart
FNDA:1,(anonymous_1)
FNDA:0,(anonymous_2)
FNDA:0,(anonymous_3)
FNDA:0,(anonymous_4)
FNDA:0,(anonymous_5)
FNDA:1,(anonymous_6)
FNDA:0,(anonymous_7)
FNDA:0,(anonymous_8)
FNDA:1,(anonymous_9)
FNDA:1,(anonymous_10)
FNDA:1,(anonymous_11)
DA:11,1
DA:20,1
DA:25,1
DA:30,1
DA:57,1
DA:58,1
DA:65,0
DA:68,0
DA:70,0
DA:71,0
DA:72,1
DA:80,1
DA:81,1
DA:83,0
DA:84,0
DA:85,1
DA:94,1
DA:95,1
DA:96,1
DA:104,1
DA:105,1
DA:108,1
DA:117,1
DA:118,1
DA:119,1
DA:120,1
DA:121,1
DA:122,1
DA:123,1
DA:124,1
DA:125,1
DA:127,1
DA:131,1
DA:133,1
DA:134,1
DA:135,1
DA:136,1
DA:137,1
DA:138,1
DA:140,1
LF:40
LH:34
BRF:0
BRH:0
end_of_record
TN:
SF:/Users/briangreig/workspace/http/v-chart-plugin/src/import/pieChart.js
FN:21,chart
FN:46,(anonymous_1)
FN:54,(anonymous_2)
FN:64,(anonymous_3)
FN:78,(anonymous_4)
FN:98,(anonymous_5)
FN:110,(anonymous_6)
FN:117,(anonymous_7)
FNF:8
FNH:5
FNDA:1,chart
FNDA:0,(anonymous_1)
FNDA:0,(anonymous_2)
FNDA:0,(anonymous_3)
FNDA:1,(anonymous_4)
FNDA:1,(anonymous_5)
FNDA:1,(anonymous_6)
FNDA:2,(anonymous_7)
DA:11,1
DA:21,1
DA:26,1
DA:31,1
DA:35,1
DA:38,1
DA:46,1
DA:54,1
DA:55,0
DA:64,1
DA:65,0
DA:68,1
DA:78,1
DA:79,1
DA:90,1
DA:98,1
DA:99,1
DA:102,1
DA:110,1
DA:111,1
DA:112,1
DA:115,1
DA:117,2
DA:119,1
DA:122,1
DA:123,1
DA:124,1
DA:125,1
DA:127,1
LF:29
LH:27
BRDA:35,0,0,0
BRDA:35,0,1,1
BRF:2
BRH:1
end_of_record
TN:
SF:/Users/briangreig/workspace/http/v-chart-plugin/src/import/areaChart.js
FN:20,chart
FN:52,(anonymous_1)
FN:55,(anonymous_2)
FN:67,(anonymous_3)
FN:80,(anonymous_4)
FN:90,(anonymous_5)
FN:99,(anonymous_6)
FN:104,(anonymous_7)
FN:105,(anonymous_8)
FN:115,(anonymous_9)
FN:118,(anonymous_10)
FN:119,(anonymous_11)
FNF:12
FNH:8
FNDA:1,chart
FNDA:0,(anonymous_1)
FNDA:0,(anonymous_2)
FNDA:1,(anonymous_3)
FNDA:1,(anonymous_4)
FNDA:1,(anonymous_5)
FNDA:1,(anonymous_6)
FNDA:2,(anonymous_7)
FNDA:2,(anonymous_8)
FNDA:1,(anonymous_9)
FNDA:0,(anonymous_10)
FNDA:0,(anonymous_11)
DA:11,1
DA:20,1
DA:25,1
DA:30,1
DA:52,1
DA:53,0
DA:54,0
DA:55,0
DA:56,0
DA:59,1
DA:67,1
DA:68,1
DA:80,1
DA:81,1
DA:90,1
DA:91,1
DA:92,1
DA:99,1
DA:100,1
DA:103,1
DA:104,2
DA:105,2
DA:107,1
DA:108,1
DA:115,1
DA:116,1
DA:117,1
DA:118,0
DA:119,0
DA:120,1
DA:121,1
DA:122,1
DA:123,1
DA:124,1
DA:127,1
DA:128,0
DA:133,1
DA:134,1
DA:135,1
DA:136,1
DA:137,1
DA:138,1
DA:140,1
LF:43
LH:36
BRDA:127,0,0,0
BRDA:127,0,1,1
BRF:2
BRH:1
end_of_record
TN:
SF:/Users/briangreig/workspace/http/v-chart-plugin/src/import/bubbleChart.js
FN:19,chart
FN:54,(anonymous_1)
FN:60,(anonymous_2)
FN:63,(anonymous_3)
FN:66,(anonymous_4)
FN:67,(anonymous_5)
FN:68,(anonymous_6)
FN:77,(anonymous_7)
FN:79,(anonymous_8)
FN:80,(anonymous_9)
FN:81,(anonymous_10)
FN:91,(anonymous_11)
FN:101,(anonymous_12)
FN:117,(anonymous_13)
FNF:14
FNH:0
FNDA:0,chart
FNDA:0,(anonymous_1)
FNDA:0,(anonymous_2)
FNDA:0,(anonymous_3)
FNDA:0,(anonymous_4)
FNDA:0,(anonymous_5)
FNDA:0,(anonymous_6)
FNDA:0,(anonymous_7)
FNDA:0,(anonymous_8)
FNDA:0,(anonymous_9)
FNDA:0,(anonymous_10)
FNDA:0,(anonymous_11)
FNDA:0,(anonymous_12)
FNDA:0,(anonymous_13)
DA:9,1
DA:19,1
DA:24,0
DA:29,0
DA:54,0
DA:55,0
DA:61,0
DA:64,0
DA:66,0
DA:67,0
DA:68,0
DA:69,0
DA:77,0
DA:78,0
DA:79,0
DA:80,0
DA:81,0
DA:82,0
DA:91,0
DA:92,0
DA:93,0
DA:101,0
DA:102,0
DA:105,0
DA:108,0
DA:117,0
DA:118,0
DA:119,0
DA:120,0
DA:121,0
DA:122,0
DA:123,0
DA:124,0
DA:125,0
DA:127,0
DA:131,0
DA:133,0
DA:135,0
DA:136,0
DA:137,0
DA:138,0
DA:139,0
DA:141,0
LF:43
LH:2
BRF:0
BRH:0
end_of_record
TN:
SF:/Users/briangreig/workspace/http/v-chart-plugin/src/App.vue
FNF:0
FNH:0
LF:0
LH:0
BRF:0
BRH:0
end_of_record
TN:
SF:/Users/briangreig/workspace/http/v-chart-plugin/src/components/chartExample.vue
FN:53,(anonymous_0)
FN:61,(anonymous_1)
FNF:2
FNH:0
FNDA:0,(anonymous_0)
FNDA:0,(anonymous_1)
DA:54,0
DA:62,0
DA:63,0
DA:67,0
LF:4
LH:0
BRF:0
BRH:0
end_of_record
TN:
SF:/Users/briangreig/workspace/http/v-chart-plugin/src/assets/data/sales.js
FNF:0
FNH:0
LF:0
LH:0
BRF:0
BRH:0
end_of_record
TN:
SF:/Users/briangreig/workspace/http/v-chart-plugin/src/assets/data/pop.js
FNF:0
FNH:0
LF:0
LH:0
BRF:0
BRH:0
end_of_record
TN:
SF:/Users/briangreig/workspace/http/v-chart-plugin/src/import/boxPlot.js
FN:24,chart
FN:55,(anonymous_1)
FN:63,(anonymous_2)
FN:65,(anonymous_3)
FN:74,(anonymous_4)
FN:76,(anonymous_5)
FN:83,(anonymous_6)
FN:85,(anonymous_7)
FN:92,(anonymous_8)
FN:94,(anonymous_9)
FN:101,(anonymous_10)
FN:103,(anonymous_11)
FN:110,(anonymous_12)
FN:112,(anonymous_13)
FN:122,(anonymous_14)
FN:132,(anonymous_15)
FN:141,(anonymous_16)
FN:151,(anonymous_17)
FNF:18
FNH:0
FNDA:0,chart
FNDA:0,(anonymous_1)
FNDA:0,(anonymous_2)
FNDA:0,(anonymous_3)
FNDA:0,(anonymous_4)
FNDA:0,(anonymous_5)
FNDA:0,(anonymous_6)
FNDA:0,(anonymous_7)
FNDA:0,(anonymous_8)
FNDA:0,(anonymous_9)
FNDA:0,(anonymous_10)
FNDA:0,(anonymous_11)
FNDA:0,(anonymous_12)
FNDA:0,(anonymous_13)
FNDA:0,(anonymous_14)
FNDA:0,(anonymous_15)
FNDA:0,(anonymous_16)
FNDA:0,(anonymous_17)
DA:13,1
DA:24,1
DA:29,0
DA:34,0
DA:55,0
DA:56,0
DA:63,0
DA:65,0
DA:67,0
DA:69,0
DA:74,0
DA:76,0
DA:78,0
DA:83,0
DA:85,0
DA:87,0
DA:92,0
DA:94,0
DA:96,0
DA:101,0
DA:103,0
DA:105,0
DA:110,0
DA:112,0
DA:114,0
DA:122,0
DA:123,0
DA:124,0
DA:132,0
DA:133,0
DA:134,0
DA:141,0
DA:142,0
DA:151,0
DA:155,0
DA:156,0
DA:164,0
DA:165,0
DA:167,0
DA:168,0
DA:169,0
DA:170,0
DA:171,0
DA:172,0
DA:174,0
LF:45
LH:2
BRF:0
BRH:0
end_of_record
