TN:
SF:/Users/briangreig/workspace/http/v-chart-plugin/src/v-chart-plugin.js
FN:149,(anonymous_0)
FN:191,(anonymous_1)
FN:221,(anonymous_2)
FN:232,(anonymous_3)
FNF:4
FNH:3
FNDA:0,(anonymous_0)
FNDA:12,(anonymous_1)
FNDA:10,(anonymous_2)
FNDA:4,(anonymous_3)
DA:9,1
DA:24,1
DA:26,1
DA:29,6
DA:39,6
DA:40,6
DA:41,6
DA:48,0
DA:49,0
DA:56,0
DA:63,0
DA:70,6
DA:77,6
DA:91,0
DA:100,0
DA:114,0
DA:122,6
DA:123,6
DA:124,6
DA:125,19
DA:126,6
DA:133,6
DA:134,0
DA:141,0
DA:149,0
DA:191,6
DA:192,12
DA:193,12
DA:194,12
DA:195,12
DA:204,6
DA:212,6
DA:220,5
DA:221,5
DA:222,10
DA:224,5
DA:232,4
DA:240,6
DA:241,0
DA:249,6
DA:250,6
DA:258,5
DA:262,6
DA:267,0
DA:280,1
DA:281,0
LF:46
LH:33
BRDA:122,0,0,6
BRDA:122,0,1,6
BRDA:133,1,0,0
BRDA:133,1,1,6
BRDA:133,2,0,6
BRDA:133,2,1,0
BRDA:157,3,0,1
BRDA:157,3,1,1
BRDA:162,4,0,1
BRDA:162,4,1,1
BRDA:167,5,0,1
BRDA:167,5,1,1
BRDA:172,6,0,1
BRDA:172,6,1,1
BRDA:177,7,0,1
BRDA:177,7,1,1
BRDA:182,8,0,1
BRDA:182,8,1,1
BRDA:193,9,0,0
BRDA:193,9,1,12
BRDA:194,10,0,0
BRDA:194,10,1,12
BRDA:204,11,0,6
BRDA:204,11,1,0
BRDA:212,12,0,6
BRDA:212,12,1,0
BRDA:222,13,0,0
BRDA:222,13,1,10
BRDA:240,14,0,6
BRDA:240,14,1,0
BRDA:240,15,0,6
BRDA:240,15,1,6
BRDA:249,16,0,0
BRDA:249,16,1,6
BRDA:249,17,0,0
BRDA:249,17,1,0
BRDA:280,18,0,0
BRDA:280,18,1,1
BRDA:280,19,0,1
BRDA:280,19,1,1
BRF:40
BRH:28
end_of_record
TN:
SF:/Users/briangreig/workspace/http/v-chart-plugin/src/import/barChart.js
FN:14,chart
FN:42,(anonymous_1)
FN:48,(anonymous_2)
FN:57,(anonymous_3)
FN:65,(anonymous_4)
FN:74,(anonymous_5)
FN:82,(anonymous_6)
FN:101,(anonymous_7)
FN:114,(anonymous_8)
FN:122,(anonymous_9)
FN:126,(anonymous_10)
FN:127,(anonymous_11)
FN:135,(anonymous_12)
FN:147,(anonymous_13)
FNF:14
FNH:8
FNDA:1,chart
FNDA:0,(anonymous_1)
FNDA:0,(anonymous_2)
FNDA:0,(anonymous_3)
FNDA:0,(anonymous_4)
FNDA:0,(anonymous_5)
FNDA:1,(anonymous_6)
FNDA:1,(anonymous_7)
FNDA:1,(anonymous_8)
FNDA:1,(anonymous_9)
FNDA:2,(anonymous_10)
FNDA:2,(anonymous_11)
FNDA:1,(anonymous_12)
FNDA:0,(anonymous_13)
DA:2,1
DA:14,1
DA:15,1
DA:16,1
DA:42,1
DA:48,1
DA:57,1
DA:65,1
DA:66,0
DA:74,1
DA:75,0
DA:82,1
DA:83,1
DA:94,1
DA:101,1
DA:102,1
DA:107,1
DA:114,1
DA:115,1
DA:116,1
DA:122,1
DA:123,1
DA:126,2
DA:127,2
DA:129,1
DA:135,1
DA:136,1
DA:137,1
DA:138,1
DA:139,1
DA:140,1
DA:141,1
DA:142,1
DA:143,0
DA:144,1
DA:147,1
DA:148,0
DA:151,1
DA:153,1
DA:154,1
DA:155,0
DA:157,1
DA:158,1
DA:159,1
DA:160,1
DA:161,1
LF:46
LH:41
BRDA:142,0,0,0
BRDA:142,0,1,1
BRDA:148,1,0,0
BRDA:148,1,1,0
BRDA:154,2,0,0
BRDA:154,2,1,1
BRDA:155,3,0,0
BRDA:155,3,1,0
BRF:8
BRH:2
end_of_record
TN:
SF:/Users/briangreig/workspace/http/v-chart-plugin/src/import/vBarChart.js
FN:14,chart
FN:40,(anonymous_1)
FN:47,(anonymous_2)
FN:55,(anonymous_3)
FN:62,(anonymous_4)
FN:69,(anonymous_5)
FN:78,(anonymous_6)
FN:87,(anonymous_7)
FN:105,(anonymous_8)
FN:117,(anonymous_9)
FN:124,(anonymous_10)
FN:128,(anonymous_11)
FN:129,(anonymous_12)
FN:137,(anonymous_13)
FNF:14
FNH:8
FNDA:1,chart
FNDA:0,(anonymous_1)
FNDA:0,(anonymous_2)
FNDA:0,(anonymous_3)
FNDA:0,(anonymous_4)
FNDA:0,(anonymous_5)
FNDA:0,(anonymous_6)
FNDA:1,(anonymous_7)
FNDA:1,(anonymous_8)
FNDA:1,(anonymous_9)
FNDA:1,(anonymous_10)
FNDA:2,(anonymous_11)
FNDA:2,(anonymous_12)
FNDA:1,(anonymous_13)
DA:2,1
DA:14,1
DA:15,1
DA:16,1
DA:40,1
DA:47,1
DA:55,1
DA:62,1
DA:69,1
DA:70,0
DA:78,1
DA:79,0
DA:87,1
DA:88,1
DA:105,1
DA:106,1
DA:117,1
DA:118,1
DA:124,1
DA:125,1
DA:128,2
DA:129,2
DA:131,1
DA:137,1
DA:138,1
DA:139,1
DA:140,1
DA:141,1
DA:142,1
DA:143,1
DA:144,1
DA:147,1
DA:148,0
DA:153,1
DA:155,1
DA:156,1
DA:157,1
DA:158,1
DA:159,1
DA:160,1
LF:40
LH:37
BRDA:147,0,0,0
BRDA:147,0,1,1
BRF:2
BRH:1
end_of_record
TN:
SF:/Users/briangreig/workspace/http/v-chart-plugin/src/import/lineGraph.js
FN:14,chart
FN:38,(anonymous_1)
FN:51,(anonymous_2)
FN:54,(anonymous_3)
FN:57,(anonymous_4)
FN:58,(anonymous_5)
FN:66,(anonymous_6)
FN:71,(anonymous_7)
FN:72,(anonymous_8)
FN:73,(anonymous_9)
FN:74,(anonymous_10)
FN:83,(anonymous_11)
FN:93,(anonymous_12)
FN:98,(anonymous_13)
FN:99,(anonymous_14)
FN:106,(anonymous_15)
FN:118,(anonymous_16)
FN:119,(anonymous_17)
FNF:18
FNH:10
FNDA:1,chart
FNDA:1,(anonymous_1)
FNDA:0,(anonymous_2)
FNDA:0,(anonymous_3)
FNDA:0,(anonymous_4)
FNDA:0,(anonymous_5)
FNDA:1,(anonymous_6)
FNDA:0,(anonymous_7)
FNDA:0,(anonymous_8)
FNDA:0,(anonymous_9)
FNDA:0,(anonymous_10)
FNDA:1,(anonymous_11)
FNDA:1,(anonymous_12)
FNDA:2,(anonymous_13)
FNDA:2,(anonymous_14)
FNDA:1,(anonymous_15)
FNDA:4,(anonymous_16)
FNDA:4,(anonymous_17)
DA:2,1
DA:14,1
DA:15,1
DA:16,1
DA:38,1
DA:39,1
DA:40,1
DA:47,1
DA:52,0
DA:55,0
DA:57,0
DA:58,0
DA:59,1
DA:66,1
DA:67,1
DA:70,1
DA:71,0
DA:72,0
DA:73,0
DA:74,0
DA:75,1
DA:83,1
DA:84,1
DA:85,1
DA:86,1
DA:93,1
DA:94,1
DA:97,1
DA:98,2
DA:99,2
DA:100,1
DA:106,1
DA:107,1
DA:108,1
DA:109,1
DA:110,1
DA:111,1
DA:117,1
DA:118,4
DA:119,4
DA:121,1
DA:122,1
DA:124,1
DA:126,1
DA:127,1
DA:128,1
DA:129,1
DA:130,1
DA:132,1
DA:134,1
LF:50
LH:42
BRDA:39,0,0,1
BRDA:39,0,1,0
BRF:2
BRH:1
end_of_record
TN:
SF:/Users/briangreig/workspace/http/v-chart-plugin/src/import/scatterPlot.js
FN:13,chart
FN:32,(anonymous_1)
FN:37,(anonymous_2)
FN:40,(anonymous_3)
FN:43,(anonymous_4)
FN:44,(anonymous_5)
FN:52,(anonymous_6)
FN:54,(anonymous_7)
FN:55,(anonymous_8)
FN:56,(anonymous_9)
FN:57,(anonymous_10)
FN:65,(anonymous_11)
FN:73,(anonymous_12)
FN:78,(anonymous_13)
FN:79,(anonymous_14)
FN:86,(anonymous_15)
FNF:16
FNH:8
FNDA:1,chart
FNDA:1,(anonymous_1)
FNDA:0,(anonymous_2)
FNDA:0,(anonymous_3)
FNDA:0,(anonymous_4)
FNDA:0,(anonymous_5)
FNDA:1,(anonymous_6)
FNDA:0,(anonymous_7)
FNDA:0,(anonymous_8)
FNDA:0,(anonymous_9)
FNDA:0,(anonymous_10)
FNDA:1,(anonymous_11)
FNDA:1,(anonymous_12)
FNDA:2,(anonymous_13)
FNDA:2,(anonymous_14)
FNDA:1,(anonymous_15)
DA:2,1
DA:13,1
DA:14,1
DA:15,1
DA:26,1
DA:32,1
DA:33,1
DA:38,0
DA:41,0
DA:43,0
DA:44,0
DA:45,1
DA:52,1
DA:53,1
DA:54,0
DA:55,0
DA:56,0
DA:57,0
DA:58,1
DA:65,1
DA:66,1
DA:67,1
DA:73,1
DA:74,1
DA:77,1
DA:78,2
DA:79,2
DA:80,1
DA:86,1
DA:87,1
DA:88,1
DA:89,1
DA:90,1
DA:91,1
DA:92,1
DA:93,1
DA:96,1
DA:97,1
DA:98,1
DA:99,1
DA:100,1
DA:101,1
LF:42
LH:34
BRF:0
BRH:0
end_of_record
TN:
SF:/Users/briangreig/workspace/http/v-chart-plugin/src/import/pieChart.js
FN:14,chart
FN:30,(anonymous_1)
FN:37,(anonymous_2)
FN:46,(anonymous_3)
FN:59,(anonymous_4)
FN:78,(anonymous_5)
FN:89,(anonymous_6)
FN:96,(anonymous_7)
FNF:8
FNH:5
FNDA:1,chart
FNDA:0,(anonymous_1)
FNDA:0,(anonymous_2)
FNDA:0,(anonymous_3)
FNDA:1,(anonymous_4)
FNDA:1,(anonymous_5)
FNDA:1,(anonymous_6)
FNDA:2,(anonymous_7)
DA:2,1
DA:14,1
DA:15,1
DA:16,1
DA:20,1
DA:23,1
DA:30,1
DA:37,1
DA:38,0
DA:46,1
DA:47,0
DA:50,1
DA:59,1
DA:60,1
DA:71,1
DA:78,1
DA:79,1
DA:82,1
DA:89,1
DA:90,1
DA:91,1
DA:94,1
DA:96,2
DA:98,1
DA:101,1
DA:102,1
DA:103,1
DA:104,1
LF:28
LH:26
BRDA:20,0,0,0
BRDA:20,0,1,1
BRF:2
BRH:1
end_of_record
TN:
SF:/Users/briangreig/workspace/http/v-chart-plugin/src/import/areaChart.js
FN:13,chart
FN:35,(anonymous_1)
FN:38,(anonymous_2)
FN:49,(anonymous_3)
FN:61,(anonymous_4)
FN:70,(anonymous_5)
FN:78,(anonymous_6)
FN:83,(anonymous_7)
FN:84,(anonymous_8)
FN:93,(anonymous_9)
FN:95,(anonymous_10)
FN:96,(anonymous_11)
FNF:12
FNH:8
FNDA:1,chart
FNDA:0,(anonymous_1)
FNDA:0,(anonymous_2)
FNDA:1,(anonymous_3)
FNDA:1,(anonymous_4)
FNDA:1,(anonymous_5)
FNDA:1,(anonymous_6)
FNDA:2,(anonymous_7)
FNDA:2,(anonymous_8)
FNDA:1,(anonymous_9)
FNDA:0,(anonymous_10)
FNDA:0,(anonymous_11)
DA:2,1
DA:13,1
DA:14,1
DA:15,1
DA:35,1
DA:36,0
DA:37,0
DA:38,0
DA:39,0
DA:42,1
DA:49,1
DA:50,1
DA:61,1
DA:62,1
DA:70,1
DA:71,1
DA:72,1
DA:78,1
DA:79,1
DA:82,1
DA:83,2
DA:84,2
DA:86,1
DA:87,1
DA:93,1
DA:94,1
DA:95,0
DA:96,0
DA:97,1
DA:98,1
DA:99,1
DA:100,1
DA:101,1
DA:104,1
DA:105,0
DA:109,1
DA:110,1
DA:111,1
DA:112,1
DA:113,1
DA:114,1
LF:41
LH:34
BRDA:104,0,0,0
BRDA:104,0,1,1
BRF:2
BRH:1
end_of_record
TN:
SF:/Users/briangreig/workspace/http/v-chart-plugin/src/App.vue
FNF:0
FNH:0
LF:0
LH:0
BRF:0
BRH:0
end_of_record
TN:
SF:/Users/briangreig/workspace/http/v-chart-plugin/src/components/chartExample.vue
FN:47,(anonymous_0)
FN:55,(anonymous_1)
FNF:2
FNH:0
FNDA:0,(anonymous_0)
FNDA:0,(anonymous_1)
DA:48,0
DA:56,0
DA:57,0
DA:61,0
LF:4
LH:0
BRF:0
BRH:0
end_of_record
TN:
SF:/Users/briangreig/workspace/http/v-chart-plugin/src/assets/data/sales.js
FNF:0
FNH:0
LF:0
LH:0
BRF:0
BRH:0
end_of_record
TN:
SF:/Users/briangreig/workspace/http/v-chart-plugin/src/assets/data/pop.js
FNF:0
FNH:0
LF:0
LH:0
BRF:0
BRH:0
end_of_record
